{
  "stats": {
    "suites": 1,
    "tests": 1,
    "passes": 1,
    "pending": 0,
    "failures": 0,
    "start": "2021-10-26T12:58:13.354Z",
    "end": "2021-10-26T12:58:23.066Z",
    "duration": 9712,
    "testsRegistered": 1,
    "passPercent": 100,
    "pendingPercent": 0,
    "other": 0,
    "hasOther": false,
    "skipped": 0,
    "hasSkipped": false
  },
  "results": [
    {
      "uuid": "7ca63b58-85b4-4fbf-b5f5-1b5f0dcddbc7",
      "title": "",
      "fullFile": "cypress/integration/cadastro.spec.js",
      "file": "cypress/integration/cadastro.spec.js",
      "beforeHooks": [],
      "afterHooks": [],
      "tests": [],
      "suites": [
        {
          "uuid": "7411e564-11c3-4d93-8c99-90c45c1d375e",
          "title": "Cadastro",
          "fullFile": "",
          "file": "",
          "beforeHooks": [],
          "afterHooks": [],
          "tests": [
            {
              "title": "Quando eu informar os dados e finalizar, entao o cadastro deve ser efetuado",
              "fullTitle": "Cadastro Quando eu informar os dados e finalizar, entao o cadastro deve ser efetuado",
              "timedOut": null,
              "duration": 6030,
              "state": "passed",
              "speed": "medium",
              "pass": true,
              "fail": false,
              "pending": false,
              "context": null,
              "code": "cy.visit('https://form-agilizei.netlify.app');\ncy.get(`input[name=firstName]`).type(chance.first());\ncy.get(`input[name=lastName]`).type(chance.last());\ncy.get(`textarea[name=adress]`).type(`Sem endereco`);\ncy.get(`input[name=emailAdress]`).type(`test@gmail.com`);\ncy.get(`input[value=\"n\"]`).check();\ncy.get(`input[type=\"checkbox\"]`).check('Netflix');\ncy.get(`input[type=\"checkbox\"]`).check('Dormir');\ncy.get(`select#countries`).select('Dinamarca', {\n  force: true\n});\ncy.contains(`Finalizar cadastro`).click();\ncy.url().should('contain', 'listagem');",
              "err": {},
              "uuid": "e31e398f-11a8-4279-a88a-1b5debac1894",
              "parentUUID": "7411e564-11c3-4d93-8c99-90c45c1d375e",
              "isHook": false,
              "skipped": false
            }
          ],
          "suites": [],
          "passes": [
            "e31e398f-11a8-4279-a88a-1b5debac1894"
          ],
          "failures": [],
          "pending": [],
          "skipped": [],
          "duration": 6030,
          "root": false,
          "rootEmpty": false,
          "_timeout": 2000
        }
      ],
      "passes": [],
      "failures": [],
      "pending": [],
      "skipped": [],
      "duration": 0,
      "root": true,
      "rootEmpty": true,
      "_timeout": 2000
    }
  ],
  "meta": {
    "mocha": {
      "version": "7.0.1"
    },
    "mochawesome": {
      "options": {
        "quiet": true,
        "reportFilename": "mochawesome",
        "saveHtml": false,
        "saveJson": true,
        "consoleReporter": "spec",
        "useInlineDiffs": false,
        "code": true
      },
      "version": "6.3.1"
    },
    "marge": {
      "options": {
        "id": "default",
        "reportDir": "mochawesome-report",
        "quiet": true,
        "overwrite": false,
        "html": false,
        "json": true
      },
      "version": "5.2.0"
    }
  }
}