{
  "stats": {
    "suites": 1,
    "tests": 2,
    "passes": 2,
    "pending": 0,
    "failures": 0,
    "start": "2021-10-26T12:58:27.700Z",
    "end": "2021-10-26T12:58:30.597Z",
    "duration": 2897,
    "testsRegistered": 2,
    "passPercent": 100,
    "pendingPercent": 0,
    "other": 0,
    "hasOther": false,
    "skipped": 0,
    "hasSkipped": false
  },
  "results": [
    {
      "uuid": "e6bcfe8a-0fb7-47df-baeb-e413748afb8c",
      "title": "",
      "fullFile": "cypress/integration/listagem.spec.js",
      "file": "cypress/integration/listagem.spec.js",
      "beforeHooks": [],
      "afterHooks": [],
      "tests": [],
      "suites": [
        {
          "uuid": "081b78b4-c3e6-4a43-937e-6fec83862710",
          "title": "Listagem",
          "fullFile": "",
          "file": "",
          "beforeHooks": [],
          "afterHooks": [],
          "tests": [
            {
              "title": "Quando  nao houver cadastros, entao a listagem deve estar vazia",
              "fullTitle": "Listagem Quando  nao houver cadastros, entao a listagem deve estar vazia",
              "timedOut": null,
              "duration": 672,
              "state": "passed",
              "speed": "fast",
              "pass": true,
              "fail": false,
              "pending": false,
              "context": null,
              "code": "window.localStorage.setItem('data', JSON.stringify([]));\ncy.visit('https://form-agilizei.netlify.app/listagem.html');",
              "err": {},
              "uuid": "f570b33b-9b60-4be7-b4b1-01c3d956d83f",
              "parentUUID": "081b78b4-c3e6-4a43-937e-6fec83862710",
              "isHook": false,
              "skipped": false
            },
            {
              "title": "Quando houver um ou mais cadastros, entao a listagem deve exibir",
              "fullTitle": "Listagem Quando houver um ou mais cadastros, entao a listagem deve exibir",
              "timedOut": null,
              "duration": 437,
              "state": "passed",
              "speed": "fast",
              "pass": true,
              "fail": false,
              "pending": false,
              "context": null,
              "code": "cy.fixture('listagem-itens').then(data => {\n  window.localStorage.setItem('data', JSON.stringify(data));\n});\ncy.visit('https://form-agilizei.netlify.app/listagem.html');\ncy.get('table tbody tr').should('have.length', 1);",
              "err": {},
              "uuid": "1ecbc107-2f71-4a2e-982f-0b27dcba0d10",
              "parentUUID": "081b78b4-c3e6-4a43-937e-6fec83862710",
              "isHook": false,
              "skipped": false
            }
          ],
          "suites": [],
          "passes": [
            "f570b33b-9b60-4be7-b4b1-01c3d956d83f",
            "1ecbc107-2f71-4a2e-982f-0b27dcba0d10"
          ],
          "failures": [],
          "pending": [],
          "skipped": [],
          "duration": 1109,
          "root": false,
          "rootEmpty": false,
          "_timeout": 2000
        }
      ],
      "passes": [],
      "failures": [],
      "pending": [],
      "skipped": [],
      "duration": 0,
      "root": true,
      "rootEmpty": true,
      "_timeout": 2000
    }
  ],
  "meta": {
    "mocha": {
      "version": "7.0.1"
    },
    "mochawesome": {
      "options": {
        "quiet": true,
        "reportFilename": "mochawesome",
        "saveHtml": false,
        "saveJson": true,
        "consoleReporter": "spec",
        "useInlineDiffs": false,
        "code": true
      },
      "version": "6.3.1"
    },
    "marge": {
      "options": {
        "id": "default",
        "reportDir": "mochawesome-report",
        "quiet": true,
        "overwrite": false,
        "html": false,
        "json": true
      },
      "version": "5.2.0"
    }
  }
}